app/build/intermediates/manifest_merge_blame_file/debug/manifest-merger-blame-debug-report.txt
1<?xml version="1.0" encoding="utf-8"?>
2<manifest xmlns:android="http://schemas.android.com/apk/res/android"
3    package="com.datacollector.android"
4    android:versionCode="2"
5    android:versionName="1.1" >
6
7    <uses-sdk
8        android:minSdkVersion="23"
8-->src\main\AndroidManifest.xml
9        android:targetSdkVersion="33" />
9-->src\main\AndroidManifest.xml
10
11    <!-- 基本权限 -->
12    <uses-permission android:name="android.permission.INTERNET" />
12-->src\main\AndroidManifest.xml:6:5-67
12-->src\main\AndroidManifest.xml:6:22-64
13    <uses-permission android:name="android.permission.ACCESS_NETWORK_STATE" />
13-->src\main\AndroidManifest.xml:7:5-79
13-->src\main\AndroidManifest.xml:7:22-76
14    <uses-permission android:name="android.permission.WRITE_EXTERNAL_STORAGE" />
14-->src\main\AndroidManifest.xml:8:5-81
14-->src\main\AndroidManifest.xml:8:22-78
15    <uses-permission android:name="android.permission.READ_EXTERNAL_STORAGE" />
15-->src\main\AndroidManifest.xml:9:5-80
15-->src\main\AndroidManifest.xml:9:22-77
16
17    <!-- 前台服务权限 -->
18    <uses-permission android:name="android.permission.FOREGROUND_SERVICE" />
18-->src\main\AndroidManifest.xml:12:5-77
18-->src\main\AndroidManifest.xml:12:22-74
19    <uses-permission android:name="android.permission.FOREGROUND_SERVICE_DATA_SYNC" />
19-->src\main\AndroidManifest.xml:13:5-87
19-->src\main\AndroidManifest.xml:13:22-84
20    <uses-permission android:name="android.permission.WAKE_LOCK" />
20-->src\main\AndroidManifest.xml:14:5-68
20-->src\main\AndroidManifest.xml:14:22-65
21    <uses-permission android:name="android.permission.REQUEST_IGNORE_BATTERY_OPTIMIZATIONS" />
21-->src\main\AndroidManifest.xml:15:5-95
21-->src\main\AndroidManifest.xml:15:22-92
22
23    <!-- 位置权限 -->
24    <uses-permission android:name="android.permission.ACCESS_FINE_LOCATION" />
24-->src\main\AndroidManifest.xml:18:5-79
24-->src\main\AndroidManifest.xml:18:22-76
25    <uses-permission android:name="android.permission.ACCESS_COARSE_LOCATION" />
25-->src\main\AndroidManifest.xml:19:5-81
25-->src\main\AndroidManifest.xml:19:22-78
26
27    <!-- 蓝牙权限 -->
28    <uses-permission android:name="android.permission.BLUETOOTH" />
28-->src\main\AndroidManifest.xml:22:5-68
28-->src\main\AndroidManifest.xml:22:22-65
29    <uses-permission android:name="android.permission.BLUETOOTH_ADMIN" />
29-->src\main\AndroidManifest.xml:23:5-74
29-->src\main\AndroidManifest.xml:23:22-71
30    <uses-permission android:name="android.permission.BLUETOOTH_CONNECT" />
30-->src\main\AndroidManifest.xml:24:5-76
30-->src\main\AndroidManifest.xml:24:22-73
31    <uses-permission android:name="android.permission.BLUETOOTH_SCAN" />
31-->src\main\AndroidManifest.xml:25:5-73
31-->src\main\AndroidManifest.xml:25:22-70
32
33    <!-- WiFi权限 -->
34    <uses-permission android:name="android.permission.ACCESS_WIFI_STATE" />
34-->src\main\AndroidManifest.xml:28:5-76
34-->src\main\AndroidManifest.xml:28:22-73
35    <uses-permission android:name="android.permission.CHANGE_WIFI_STATE" />
35-->src\main\AndroidManifest.xml:29:5-76
35-->src\main\AndroidManifest.xml:29:22-73
36
37    <!-- 日历权限 -->
38    <uses-permission android:name="android.permission.READ_CALENDAR" />
38-->src\main\AndroidManifest.xml:32:5-72
38-->src\main\AndroidManifest.xml:32:22-69
39
40    <!-- 传感器和设备使用权限 -->
41    <uses-permission android:name="android.permission.BODY_SENSORS" />
41-->src\main\AndroidManifest.xml:35:5-71
41-->src\main\AndroidManifest.xml:35:22-68
42    <uses-permission android:name="android.permission.ACTIVITY_RECOGNITION" />
42-->src\main\AndroidManifest.xml:36:5-79
42-->src\main\AndroidManifest.xml:36:22-76
43
44    <!-- 系统信息权限 -->
45    <uses-permission android:name="android.permission.GET_TASKS" />
45-->src\main\AndroidManifest.xml:39:5-68
45-->src\main\AndroidManifest.xml:39:22-65
46    <uses-permission android:name="android.permission.PACKAGE_USAGE_STATS" />
46-->src\main\AndroidManifest.xml:40:5-78
46-->src\main\AndroidManifest.xml:40:22-75
47    <uses-permission android:name="android.permission.QUERY_ALL_PACKAGES" />
47-->src\main\AndroidManifest.xml:41:5-77
47-->src\main\AndroidManifest.xml:41:22-74
48
49    <!-- 无障碍服务权限 -->
50    <uses-permission android:name="android.permission.BIND_ACCESSIBILITY_SERVICE" />
50-->src\main\AndroidManifest.xml:44:5-85
50-->src\main\AndroidManifest.xml:44:22-82
51
52    <!-- 截图和媒体投影权限 -->
53    <uses-permission android:name="android.permission.SYSTEM_ALERT_WINDOW" />
53-->src\main\AndroidManifest.xml:47:5-78
53-->src\main\AndroidManifest.xml:47:22-75
54    <uses-permission android:name="android.permission.CAPTURE_VIDEO_OUTPUT" />
54-->src\main\AndroidManifest.xml:48:5-79
54-->src\main\AndroidManifest.xml:48:22-76
55    <uses-permission android:name="android.permission.CAPTURE_SECURE_VIDEO_OUTPUT" />
55-->src\main\AndroidManifest.xml:49:5-86
55-->src\main\AndroidManifest.xml:49:22-83
56
57    <!-- 相机权限（可选，用于更高级的OCR功能） -->
58    <uses-permission android:name="android.permission.CAMERA" />
58-->src\main\AndroidManifest.xml:52:5-65
58-->src\main\AndroidManifest.xml:52:22-62
59
60    <!-- 读取手机状态权限（用于系统监控） -->
61    <uses-permission android:name="android.permission.READ_PHONE_STATE" />
61-->src\main\AndroidManifest.xml:55:5-75
61-->src\main\AndroidManifest.xml:55:22-72
62
63    <!-- 启动时运行权限 -->
64    <uses-permission android:name="android.permission.RECEIVE_BOOT_COMPLETED" />
64-->src\main\AndroidManifest.xml:58:5-81
64-->src\main\AndroidManifest.xml:58:22-78
65
66    <permission
66-->[androidx.core:core:1.9.0] AndroidManifest.xml:22:5-24:47
67        android:name="com.datacollector.android.DYNAMIC_RECEIVER_NOT_EXPORTED_PERMISSION"
67-->[androidx.core:core:1.9.0] AndroidManifest.xml:23:9-81
68        android:protectionLevel="signature" />
68-->[androidx.core:core:1.9.0] AndroidManifest.xml:24:9-44
69
70    <uses-permission android:name="com.datacollector.android.DYNAMIC_RECEIVER_NOT_EXPORTED_PERMISSION" />
70-->[androidx.core:core:1.9.0] AndroidManifest.xml:26:5-97
70-->[androidx.core:core:1.9.0] AndroidManifest.xml:26:22-94
71
72    <application
72-->src\main\AndroidManifest.xml:60:5-120:19
73        android:allowBackup="true"
73-->src\main\AndroidManifest.xml:61:9-35
74        android:appComponentFactory="androidx.core.app.CoreComponentFactory"
74-->[androidx.core:core:1.9.0] AndroidManifest.xml:28:18-86
75        android:debuggable="true"
76        android:extractNativeLibs="false"
77        android:icon="@mipmap/ic_launcher"
77-->src\main\AndroidManifest.xml:62:9-43
78        android:label="@string/app_name"
78-->src\main\AndroidManifest.xml:63:9-41
79        android:testOnly="true"
80        android:theme="@style/AppTheme" >
80-->src\main\AndroidManifest.xml:64:9-40
81
82        <!-- Launcher启动器主活动 - 唯一的启动入口 -->
83        <activity
83-->src\main\AndroidManifest.xml:67:9-80:20
84            android:name="com.datacollector.android.activities.LauncherActivity"
84-->src\main\AndroidManifest.xml:68:13-56
85            android:exported="true"
85-->src\main\AndroidManifest.xml:69:13-36
86            android:label="CATIA3 Launcher"
86-->src\main\AndroidManifest.xml:70:13-44
87            android:launchMode="singleTask"
87-->src\main\AndroidManifest.xml:71:13-44
88            android:stateNotNeeded="true"
88-->src\main\AndroidManifest.xml:72:13-42
89            android:theme="@style/LauncherTheme" >
89-->src\main\AndroidManifest.xml:73:13-49
90            <intent-filter android:priority="1000" >
90-->src\main\AndroidManifest.xml:74:13-79:29
90-->src\main\AndroidManifest.xml:74:28-51
91                <action android:name="android.intent.action.MAIN" />
91-->src\main\AndroidManifest.xml:75:17-69
91-->src\main\AndroidManifest.xml:75:25-66
92
93                <category android:name="android.intent.category.HOME" />
93-->src\main\AndroidManifest.xml:76:17-73
93-->src\main\AndroidManifest.xml:76:27-70
94                <category android:name="android.intent.category.DEFAULT" />
94-->src\main\AndroidManifest.xml:77:17-76
94-->src\main\AndroidManifest.xml:77:27-73
95                <category android:name="android.intent.category.LAUNCHER" />
95-->src\main\AndroidManifest.xml:78:17-77
95-->src\main\AndroidManifest.xml:78:27-74
96            </intent-filter>
97        </activity>
98
99        <!-- 全部应用列表活动 -->
100        <activity
100-->src\main\AndroidManifest.xml:83:9-87:52
101            android:name="com.datacollector.android.activities.AllAppsActivity"
101-->src\main\AndroidManifest.xml:84:13-55
102            android:exported="false"
102-->src\main\AndroidManifest.xml:85:13-37
103            android:label="所有应用"
103-->src\main\AndroidManifest.xml:86:13-33
104            android:theme="@style/LauncherTheme" />
104-->src\main\AndroidManifest.xml:87:13-49
105
106        <!-- 数据收集管理界面 - 只能通过内部跳转访问 -->
107        <activity
107-->src\main\AndroidManifest.xml:90:9-93:38
108            android:name="com.datacollector.android.activities.AndroidDataCollector"
108-->src\main\AndroidManifest.xml:91:13-60
109            android:exported="false"
109-->src\main\AndroidManifest.xml:92:13-37
110            android:label="数据收集管理" />
110-->src\main\AndroidManifest.xml:93:13-35
111
112        <!-- 服务健康监控界面 -->
113        <activity
113-->src\main\AndroidManifest.xml:96:9-99:38
114            android:name="com.datacollector.android.activities.ServiceHealthActivity"
114-->src\main\AndroidManifest.xml:97:13-61
115            android:exported="false"
115-->src\main\AndroidManifest.xml:98:13-37
116            android:label="服务健康监控" />
116-->src\main\AndroidManifest.xml:99:13-35
117
118        <!-- 数据收集服务 -->
119        <service
119-->src\main\AndroidManifest.xml:102:9-105:56
120            android:name="com.datacollector.android.services.DataCollectionService"
120-->src\main\AndroidManifest.xml:103:13-59
121            android:exported="false"
121-->src\main\AndroidManifest.xml:104:13-37
122            android:foregroundServiceType="dataSync" />
122-->src\main\AndroidManifest.xml:105:13-53
123
124        <!-- 无障碍服务 -->
125        <service
125-->src\main\AndroidManifest.xml:108:9-118:19
126            android:name="com.datacollector.android.services.AccessibilityDataService"
126-->src\main\AndroidManifest.xml:109:13-62
127            android:exported="false"
127-->src\main\AndroidManifest.xml:110:13-37
128            android:permission="android.permission.BIND_ACCESSIBILITY_SERVICE" >
128-->src\main\AndroidManifest.xml:111:13-79
129            <intent-filter>
129-->src\main\AndroidManifest.xml:112:13-114:29
130                <action android:name="android.accessibilityservice.AccessibilityService" />
130-->src\main\AndroidManifest.xml:113:17-92
130-->src\main\AndroidManifest.xml:113:25-89
131            </intent-filter>
132
133            <meta-data
133-->src\main\AndroidManifest.xml:115:13-117:72
134                android:name="android.accessibilityservice"
134-->src\main\AndroidManifest.xml:116:17-60
135                android:resource="@xml/accessibility_service_config" />
135-->src\main\AndroidManifest.xml:117:17-69
136        </service>
137        <service
137-->[com.google.android.gms:play-services-mlkit-text-recognition-common:19.0.0] AndroidManifest.xml:9:9-15:19
138            android:name="com.google.mlkit.common.internal.MlKitComponentDiscoveryService"
138-->[com.google.android.gms:play-services-mlkit-text-recognition-common:19.0.0] AndroidManifest.xml:10:13-91
139            android:directBootAware="true"
139-->[com.google.mlkit:common:18.8.0] AndroidManifest.xml:17:13-43
140            android:exported="false" >
140-->[com.google.android.gms:play-services-mlkit-text-recognition-common:19.0.0] AndroidManifest.xml:11:13-37
141            <meta-data
141-->[com.google.android.gms:play-services-mlkit-text-recognition-common:19.0.0] AndroidManifest.xml:12:13-14:85
142                android:name="com.google.firebase.components:com.google.mlkit.vision.text.internal.TextRegistrar"
142-->[com.google.android.gms:play-services-mlkit-text-recognition-common:19.0.0] AndroidManifest.xml:13:17-114
143                android:value="com.google.firebase.components.ComponentRegistrar" />
143-->[com.google.android.gms:play-services-mlkit-text-recognition-common:19.0.0] AndroidManifest.xml:14:17-82
144            <meta-data
144-->[com.google.mlkit:vision-common:17.3.0] AndroidManifest.xml:12:13-14:85
145                android:name="com.google.firebase.components:com.google.mlkit.vision.common.internal.VisionCommonRegistrar"
145-->[com.google.mlkit:vision-common:17.3.0] AndroidManifest.xml:13:17-124
146                android:value="com.google.firebase.components.ComponentRegistrar" />
146-->[com.google.mlkit:vision-common:17.3.0] AndroidManifest.xml:14:17-82
147            <meta-data
147-->[com.google.mlkit:common:18.8.0] AndroidManifest.xml:20:13-22:85
148                android:name="com.google.firebase.components:com.google.mlkit.common.internal.CommonComponentRegistrar"
148-->[com.google.mlkit:common:18.8.0] AndroidManifest.xml:21:17-120
149                android:value="com.google.firebase.components.ComponentRegistrar" />
149-->[com.google.mlkit:common:18.8.0] AndroidManifest.xml:22:17-82
150        </service>
151
152        <provider
152-->[com.google.mlkit:common:18.8.0] AndroidManifest.xml:9:9-13:38
153            android:name="com.google.mlkit.common.internal.MlKitInitProvider"
153-->[com.google.mlkit:common:18.8.0] AndroidManifest.xml:10:13-78
154            android:authorities="com.datacollector.android.mlkitinitprovider"
154-->[com.google.mlkit:common:18.8.0] AndroidManifest.xml:11:13-69
155            android:exported="false"
155-->[com.google.mlkit:common:18.8.0] AndroidManifest.xml:12:13-37
156            android:initOrder="99" />
156-->[com.google.mlkit:common:18.8.0] AndroidManifest.xml:13:13-35
157
158        <activity
158-->[com.google.android.gms:play-services-base:18.1.0] AndroidManifest.xml:20:9-22:45
159            android:name="com.google.android.gms.common.api.GoogleApiActivity"
159-->[com.google.android.gms:play-services-base:18.1.0] AndroidManifest.xml:20:19-85
160            android:exported="false"
160-->[com.google.android.gms:play-services-base:18.1.0] AndroidManifest.xml:22:19-43
161            android:theme="@android:style/Theme.Translucent.NoTitleBar" />
161-->[com.google.android.gms:play-services-base:18.1.0] AndroidManifest.xml:21:19-78
162
163        <meta-data
163-->[com.google.android.gms:play-services-basement:18.1.0] AndroidManifest.xml:21:9-23:69
164            android:name="com.google.android.gms.version"
164-->[com.google.android.gms:play-services-basement:18.1.0] AndroidManifest.xml:22:13-58
165            android:value="@integer/google_play_services_version" />
165-->[com.google.android.gms:play-services-basement:18.1.0] AndroidManifest.xml:23:13-66
166
167        <provider
167-->[androidx.emoji2:emoji2:1.2.0] AndroidManifest.xml:24:9-32:20
168            android:name="androidx.startup.InitializationProvider"
168-->[androidx.emoji2:emoji2:1.2.0] AndroidManifest.xml:25:13-67
169            android:authorities="com.datacollector.android.androidx-startup"
169-->[androidx.emoji2:emoji2:1.2.0] AndroidManifest.xml:26:13-68
170            android:exported="false" >
170-->[androidx.emoji2:emoji2:1.2.0] AndroidManifest.xml:27:13-37
171            <meta-data
171-->[androidx.emoji2:emoji2:1.2.0] AndroidManifest.xml:29:13-31:52
172                android:name="androidx.emoji2.text.EmojiCompatInitializer"
172-->[androidx.emoji2:emoji2:1.2.0] AndroidManifest.xml:30:17-75
173                android:value="androidx.startup" />
173-->[androidx.emoji2:emoji2:1.2.0] AndroidManifest.xml:31:17-49
174            <meta-data
174-->[androidx.lifecycle:lifecycle-process:2.4.1] AndroidManifest.xml:31:13-33:52
175                android:name="androidx.lifecycle.ProcessLifecycleInitializer"
175-->[androidx.lifecycle:lifecycle-process:2.4.1] AndroidManifest.xml:32:17-78
176                android:value="androidx.startup" />
176-->[androidx.lifecycle:lifecycle-process:2.4.1] AndroidManifest.xml:33:17-49
177        </provider>
178
179        <service
179-->[com.google.android.datatransport:transport-backend-cct:2.3.3] AndroidManifest.xml:29:9-35:19
180            android:name="com.google.android.datatransport.runtime.backends.TransportBackendDiscovery"
180-->[com.google.android.datatransport:transport-backend-cct:2.3.3] AndroidManifest.xml:30:13-103
181            android:exported="false" >
181-->[com.google.android.datatransport:transport-backend-cct:2.3.3] AndroidManifest.xml:31:13-37
182            <meta-data
182-->[com.google.android.datatransport:transport-backend-cct:2.3.3] AndroidManifest.xml:32:13-34:39
183                android:name="backend:com.google.android.datatransport.cct.CctBackendFactory"
183-->[com.google.android.datatransport:transport-backend-cct:2.3.3] AndroidManifest.xml:33:17-94
184                android:value="cct" />
184-->[com.google.android.datatransport:transport-backend-cct:2.3.3] AndroidManifest.xml:34:17-36
185        </service>
186        <service
186-->[com.google.android.datatransport:transport-runtime:2.2.6] AndroidManifest.xml:26:9-30:19
187            android:name="com.google.android.datatransport.runtime.scheduling.jobscheduling.JobInfoSchedulerService"
187-->[com.google.android.datatransport:transport-runtime:2.2.6] AndroidManifest.xml:27:13-117
188            android:exported="false"
188-->[com.google.android.datatransport:transport-runtime:2.2.6] AndroidManifest.xml:28:13-37
189            android:permission="android.permission.BIND_JOB_SERVICE" >
189-->[com.google.android.datatransport:transport-runtime:2.2.6] AndroidManifest.xml:29:13-69
190        </service>
191
192        <receiver
192-->[com.google.android.datatransport:transport-runtime:2.2.6] AndroidManifest.xml:32:9-34:40
193            android:name="com.google.android.datatransport.runtime.scheduling.jobscheduling.AlarmManagerSchedulerBroadcastReceiver"
193-->[com.google.android.datatransport:transport-runtime:2.2.6] AndroidManifest.xml:33:13-132
194            android:exported="false" />
194-->[com.google.android.datatransport:transport-runtime:2.2.6] AndroidManifest.xml:34:13-37
195    </application>
196
197</manifest>